e:\lua_lesson\tools\lua-5.3.4\build\lua\luac\debug\vc140.pdb
e:\lua_lesson\tools\lua-5.3.4\build\lua\luac\debug\vc140.idb
e:\lua_lesson\tools\lua-5.3.4\build\lua\luac\debug\liolib.obj
e:\lua_lesson\tools\lua-5.3.4\build\lua\luac\debug\llex.obj
e:\lua_lesson\tools\lua-5.3.4\build\lua\luac\debug\lmathlib.obj
e:\lua_lesson\tools\lua-5.3.4\build\lua\luac\debug\lmem.obj
e:\lua_lesson\tools\lua-5.3.4\build\lua\luac\debug\loadlib.obj
e:\lua_lesson\tools\lua-5.3.4\build\lua\luac\debug\lobject.obj
e:\lua_lesson\tools\lua-5.3.4\build\lua\luac\debug\lopcodes.obj
e:\lua_lesson\tools\lua-5.3.4\build\lua\luac\debug\loslib.obj
e:\lua_lesson\tools\lua-5.3.4\build\lua\luac\debug\lparser.obj
e:\lua_lesson\tools\lua-5.3.4\build\lua\luac\debug\lstate.obj
e:\lua_lesson\tools\lua-5.3.4\build\lua\luac\debug\lstring.obj
e:\lua_lesson\tools\lua-5.3.4\build\lua\luac\debug\lstrlib.obj
e:\lua_lesson\tools\lua-5.3.4\build\lua\luac\debug\ltable.obj
e:\lua_lesson\tools\lua-5.3.4\build\lua\luac\debug\ltablib.obj
e:\lua_lesson\tools\lua-5.3.4\build\lua\luac\debug\ltm.obj
e:\lua_lesson\tools\lua-5.3.4\build\lua\luac\debug\luac.obj
e:\lua_lesson\tools\lua-5.3.4\build\lua\luac\debug\lundump.obj
e:\lua_lesson\tools\lua-5.3.4\build\lua\luac\debug\lutf8lib.obj
e:\lua_lesson\tools\lua-5.3.4\build\lua\luac\debug\lvm.obj
e:\lua_lesson\tools\lua-5.3.4\build\lua\luac\debug\lzio.obj
e:\lua_lesson\tools\lua-5.3.4\build\lua\luac\debug\lapi.obj
e:\lua_lesson\tools\lua-5.3.4\build\lua\luac\debug\lauxlib.obj
e:\lua_lesson\tools\lua-5.3.4\build\lua\luac\debug\lbaselib.obj
e:\lua_lesson\tools\lua-5.3.4\build\lua\luac\debug\lbitlib.obj
e:\lua_lesson\tools\lua-5.3.4\build\lua\luac\debug\lcode.obj
e:\lua_lesson\tools\lua-5.3.4\build\lua\luac\debug\lcorolib.obj
e:\lua_lesson\tools\lua-5.3.4\build\lua\luac\debug\lctype.obj
e:\lua_lesson\tools\lua-5.3.4\build\lua\luac\debug\ldblib.obj
e:\lua_lesson\tools\lua-5.3.4\build\lua\luac\debug\ldebug.obj
e:\lua_lesson\tools\lua-5.3.4\build\lua\luac\debug\ldo.obj
e:\lua_lesson\tools\lua-5.3.4\build\lua\luac\debug\ldump.obj
e:\lua_lesson\tools\lua-5.3.4\build\lua\luac\debug\lfunc.obj
e:\lua_lesson\tools\lua-5.3.4\build\lua\luac\debug\lgc.obj
e:\lua_lesson\tools\lua-5.3.4\build\lua\luac\debug\linit.obj
e:\lua_lesson\tools\lua-5.3.4\build\lua\debug\luac.ilk
e:\lua_lesson\tools\lua-5.3.4\build\lua\debug\luac.exe
e:\lua_lesson\tools\lua-5.3.4\build\lua\debug\luac.pdb
e:\lua_lesson\tools\lua-5.3.4\build\lua\luac\debug\luac.tlog\cl.command.1.tlog
e:\lua_lesson\tools\lua-5.3.4\build\lua\luac\debug\luac.tlog\cl.read.1.tlog
e:\lua_lesson\tools\lua-5.3.4\build\lua\luac\debug\luac.tlog\cl.write.1.tlog
e:\lua_lesson\tools\lua-5.3.4\build\lua\luac\debug\luac.tlog\link.command.1.tlog
e:\lua_lesson\tools\lua-5.3.4\build\lua\luac\debug\luac.tlog\link.read.1.tlog
e:\lua_lesson\tools\lua-5.3.4\build\lua\luac\debug\luac.tlog\link.write.1.tlog
