e:\lua_lesson\tools\lua-5.3.4\build\lua\lua\debug\vc140.pdb
e:\lua_lesson\tools\lua-5.3.4\build\lua\lua\debug\vc140.idb
e:\lua_lesson\tools\lua-5.3.4\build\lua\lua\debug\liolib.obj
e:\lua_lesson\tools\lua-5.3.4\build\lua\lua\debug\llex.obj
e:\lua_lesson\tools\lua-5.3.4\build\lua\lua\debug\lmathlib.obj
e:\lua_lesson\tools\lua-5.3.4\build\lua\lua\debug\lmem.obj
e:\lua_lesson\tools\lua-5.3.4\build\lua\lua\debug\loadlib.obj
e:\lua_lesson\tools\lua-5.3.4\build\lua\lua\debug\lobject.obj
e:\lua_lesson\tools\lua-5.3.4\build\lua\lua\debug\lopcodes.obj
e:\lua_lesson\tools\lua-5.3.4\build\lua\lua\debug\loslib.obj
e:\lua_lesson\tools\lua-5.3.4\build\lua\lua\debug\lparser.obj
e:\lua_lesson\tools\lua-5.3.4\build\lua\lua\debug\lstate.obj
e:\lua_lesson\tools\lua-5.3.4\build\lua\lua\debug\lstring.obj
e:\lua_lesson\tools\lua-5.3.4\build\lua\lua\debug\lstrlib.obj
e:\lua_lesson\tools\lua-5.3.4\build\lua\lua\debug\ltable.obj
e:\lua_lesson\tools\lua-5.3.4\build\lua\lua\debug\ltablib.obj
e:\lua_lesson\tools\lua-5.3.4\build\lua\lua\debug\ltm.obj
e:\lua_lesson\tools\lua-5.3.4\build\lua\lua\debug\lua.obj
e:\lua_lesson\tools\lua-5.3.4\build\lua\lua\debug\lundump.obj
e:\lua_lesson\tools\lua-5.3.4\build\lua\lua\debug\lutf8lib.obj
e:\lua_lesson\tools\lua-5.3.4\build\lua\lua\debug\lvm.obj
e:\lua_lesson\tools\lua-5.3.4\build\lua\lua\debug\lzio.obj
e:\lua_lesson\tools\lua-5.3.4\build\lua\lua\debug\lapi.obj
e:\lua_lesson\tools\lua-5.3.4\build\lua\lua\debug\lauxlib.obj
e:\lua_lesson\tools\lua-5.3.4\build\lua\lua\debug\lbaselib.obj
e:\lua_lesson\tools\lua-5.3.4\build\lua\lua\debug\lbitlib.obj
e:\lua_lesson\tools\lua-5.3.4\build\lua\lua\debug\lcode.obj
e:\lua_lesson\tools\lua-5.3.4\build\lua\lua\debug\lcorolib.obj
e:\lua_lesson\tools\lua-5.3.4\build\lua\lua\debug\lctype.obj
e:\lua_lesson\tools\lua-5.3.4\build\lua\lua\debug\ldblib.obj
e:\lua_lesson\tools\lua-5.3.4\build\lua\lua\debug\ldebug.obj
e:\lua_lesson\tools\lua-5.3.4\build\lua\lua\debug\ldo.obj
e:\lua_lesson\tools\lua-5.3.4\build\lua\lua\debug\ldump.obj
e:\lua_lesson\tools\lua-5.3.4\build\lua\lua\debug\lfunc.obj
e:\lua_lesson\tools\lua-5.3.4\build\lua\lua\debug\lgc.obj
e:\lua_lesson\tools\lua-5.3.4\build\lua\lua\debug\linit.obj
e:\lua_lesson\tools\lua-5.3.4\build\lua\debug\lua.ilk
e:\lua_lesson\tools\lua-5.3.4\build\lua\debug\lua.exe
e:\lua_lesson\tools\lua-5.3.4\build\lua\debug\lua.pdb
e:\lua_lesson\tools\lua-5.3.4\build\lua\lua\debug\lua.tlog\cl.command.1.tlog
e:\lua_lesson\tools\lua-5.3.4\build\lua\lua\debug\lua.tlog\cl.read.1.tlog
e:\lua_lesson\tools\lua-5.3.4\build\lua\lua\debug\lua.tlog\cl.write.1.tlog
e:\lua_lesson\tools\lua-5.3.4\build\lua\lua\debug\lua.tlog\link.command.1.tlog
e:\lua_lesson\tools\lua-5.3.4\build\lua\lua\debug\lua.tlog\link.read.1.tlog
e:\lua_lesson\tools\lua-5.3.4\build\lua\lua\debug\lua.tlog\link.write.1.tlog
